# JRE version: OpenJDK Runtime Environment Temurin-21.0.11+10 (21.0.11+10) (build 21.0.11+10-LTS)
# Java VM: OpenJDK 64-Bit Server VM Temurin-21.0.11+10 (21.0.11+10-LTS, mixed mode, sharing, tiered, compressed oops, compressed class ptrs, parallel gc, windows-amd64)
GC Precious Log:
 CardTable entry size: 512
 CPUs: 16 total, 16 available
 Memory: 32163M
 Large Page Support: Disabled
 NUMA Support: Disabled
 Compressed Oops: Enabled (32-bit)
 Alignments: Space 512K, Generation 512K, Heap 2M
 Heap Min Capacity: 100M
 Heap Initial Capacity: 100M
 Heap Max Capacity: 2G
 Pre-touch: Disabled
 Parallel Workers: 13
Heap:
 PSYoungGen      total 19456K, used 4568K [0x00000000d5580000, 0x00000000d6a80000, 0x0000000100000000)
  eden space 18944K, 22% used [0x00000000d5580000,0x00000000d59961e0,0x00000000d6800000)
  from space 512K, 75% used [0x00000000d6a00000,0x00000000d6a60000,0x00000000d6a80000)
  to   space 1024K, 0% used [0x00000000d6880000,0x00000000d6880000,0x00000000d6980000)
 ParOldGen       total 68608K, used 32308K [0x0000000080000000, 0x0000000084300000, 0x00000000d5580000)
  object space 68608K, 47% used [0x0000000080000000,0x0000000081f8d0f0,0x0000000084300000)
 Metaspace       used 40708K, committed 41728K, reserved 1114112K
  class space    used 4151K, committed 4608K, reserved 1048576K
GC Heap History (20 events):
Event: 12.069 GC heap before
{Heap before GC invocations=13 (full 1):
 PSYoungGen      total 26112K, used 25986K [0x00000000d5580000, 0x00000000d7300000, 0x0000000100000000)
  eden space 22016K, 100% used [0x00000000d5580000,0x00000000d6b00000,0x00000000d6b00000)
  from space 4096K, 96% used [0x00000000d6c80000,0x00000000d70608a0,0x00000000d7080000)
  to   space 2560K, 0% used [0x00000000d7080000,0x00000000d7080000,0x00000000d7300000)
 ParOldGen       total 68608K, used 16416K [0x0000000080000000, 0x0000000084300000, 0x00000000d5580000)
  object space 68608K, 23% used [0x0000000080000000,0x0000000081008370,0x0000000084300000)
 Metaspace       used 32797K, committed 33920K, reserved 1114112K
  class space    used 3367K, committed 3840K, reserved 1048576K
}
Event: 12.073 GC heap after
{Heap after GC invocations=13 (full 1):
 PSYoungGen      total 22016K, used 2532K [0x00000000d5580000, 0x00000000d7b00000, 0x0000000100000000)
  eden space 19456K, 0% used [0x00000000d5580000,0x00000000d5580000,0x00000000d6880000)
  from space 2560K, 98% used [0x00000000d7080000,0x00000000d72f9010,0x00000000d7300000)
  to   space 8192K, 0% used [0x00000000d6880000,0x00000000d6880000,0x00000000d7080000)
 ParOldGen       total 68608K, used 21335K [0x0000000080000000, 0x0000000084300000, 0x00000000d5580000)
  object space 68608K, 31% used [0x0000000080000000,0x00000000814d5ca8,0x0000000084300000)
 Metaspace       used 32797K, committed 33920K, reserved 1114112K
  class space    used 3367K, committed 3840K, reserved 1048576K
}
Event: 12.149 GC heap before
{Heap before GC invocations=14 (full 1):
 PSYoungGen      total 22016K, used 21988K [0x00000000d5580000, 0x00000000d7b00000, 0x0000000100000000)
  eden space 19456K, 100% used [0x00000000d5580000,0x00000000d6880000,0x00000000d6880000)
  from space 2560K, 98% used [0x00000000d7080000,0x00000000d72f9010,0x00000000d7300000)
  to   space 8192K, 0% used [0x00000000d6880000,0x00000000d6880000,0x00000000d7080000)
 ParOldGen       total 68608K, used 21335K [0x0000000080000000, 0x0000000084300000, 0x00000000d5580000)
  object space 68608K, 31% used [0x0000000080000000,0x00000000814d5ca8,0x0000000084300000)
 Metaspace       used 33021K, committed 34048K, reserved 1114112K
  class space    used 3373K, committed 3840K, reserved 1048576K
}
Event: 12.152 GC heap after
{Heap after GC invocations=14 (full 1):
 PSYoungGen      total 23040K, used 3296K [0x00000000d5580000, 0x00000000d7280000, 0x0000000100000000)
  eden space 19456K, 0% used [0x00000000d5580000,0x00000000d5580000,0x00000000d6880000)
  from space 3584K, 91% used [0x00000000d6880000,0x00000000d6bb8010,0x00000000d6c00000)
  to   space 5120K, 0% used [0x00000000d6d80000,0x00000000d6d80000,0x00000000d7280000)
 ParOldGen       total 68608K, used 23744K [0x0000000080000000, 0x0000000084300000, 0x00000000d5580000)
  object space 68608K, 34% used [0x0000000080000000,0x0000000081730008,0x0000000084300000)
 Metaspace       used 33021K, committed 34048K, reserved 1114112K
  class space    used 3373K, committed 3840K, reserved 1048576K
}
Event: 12.214 GC heap before
{Heap before GC invocations=15 (full 1):
 PSYoungGen      total 23040K, used 22752K [0x00000000d5580000, 0x00000000d7280000, 0x0000000100000000)
  eden space 19456K, 100% used [0x00000000d5580000,0x00000000d6880000,0x00000000d6880000)
  from space 3584K, 91% used [0x00000000d6880000,0x00000000d6bb8010,0x00000000d6c00000)
  to   space 5120K, 0% used [0x00000000d6d80000,0x00000000d6d80000,0x00000000d7280000)
 ParOldGen       total 68608K, used 23744K [0x0000000080000000, 0x0000000084300000, 0x00000000d5580000)
  object space 68608K, 34% used [0x0000000080000000,0x0000000081730008,0x0000000084300000)
 Metaspace       used 33126K, committed 34176K, reserved 1114112K
  class space    used 3373K, committed 3840K, reserved 1048576K
}
Event: 12.217 GC heap after
{Heap after GC invocations=15 (full 1):
 PSYoungGen      total 22528K, used 3000K [0x00000000d5580000, 0x00000000d7080000, 0x0000000100000000)
  eden space 19456K, 0% used [0x00000000d5580000,0x00000000d5580000,0x00000000d6880000)
  from space 3072K, 97% used [0x00000000d6d80000,0x00000000d706e200,0x00000000d7080000)
  to   space 3584K, 0% used [0x00000000d6980000,0x00000000d6980000,0x00000000d6d00000)
 ParOldGen       total 68608K, used 26912K [0x0000000080000000, 0x0000000084300000, 0x00000000d5580000)
  object space 68608K, 39% used [0x0000000080000000,0x0000000081a48018,0x0000000084300000)
 Metaspace       used 33126K, committed 34176K, reserved 1114112K
  class space    used 3373K, committed 3840K, reserved 1048576K
}
Event: 14.449 GC heap before
{Heap before GC invocations=16 (full 1):
 PSYoungGen      total 22528K, used 20307K [0x00000000d5580000, 0x00000000d7080000, 0x0000000100000000)
  eden space 19456K, 88% used [0x00000000d5580000,0x00000000d6666be8,0x00000000d6880000)
  from space 3072K, 97% used [0x00000000d6d80000,0x00000000d706e200,0x00000000d7080000)
  to   space 3584K, 0% used [0x00000000d6980000,0x00000000d6980000,0x00000000d6d00000)
 ParOldGen       total 68608K, used 26912K [0x0000000080000000, 0x0000000084300000, 0x00000000d5580000)
  object space 68608K, 39% used [0x0000000080000000,0x0000000081a48018,0x0000000084300000)
 Metaspace       used 34823K, committed 35840K, reserved 1114112K
  class space    used 3587K, committed 4032K, reserved 1048576K
}
Event: 14.452 GC heap after
{Heap after GC invocations=16 (full 1):
 PSYoungGen      total 21504K, used 1929K [0x00000000d5580000, 0x00000000d6e00000, 0x0000000100000000)
  eden space 19456K, 0% used [0x00000000d5580000,0x00000000d5580000,0x00000000d6880000)
  from space 2048K, 94% used [0x00000000d6980000,0x00000000d6b62790,0x00000000d6b80000)
  to   space 2560K, 0% used [0x00000000d6b80000,0x00000000d6b80000,0x00000000d6e00000)
 ParOldGen       total 68608K, used 29744K [0x0000000080000000, 0x0000000084300000, 0x00000000d5580000)
  object space 68608K, 43% used [0x0000000080000000,0x0000000081d0c218,0x0000000084300000)
 Metaspace       used 34823K, committed 35840K, reserved 1114112K
  class space    used 3587K, committed 4032K, reserved 1048576K
}
Event: 14.452 GC heap before
{Heap before GC invocations=17 (full 2):
 PSYoungGen      total 21504K, used 1929K [0x00000000d5580000, 0x00000000d6e00000, 0x0000000100000000)
  eden space 19456K, 0% used [0x00000000d5580000,0x00000000d5580000,0x00000000d6880000)
  from space 2048K, 94% used [0x00000000d6980000,0x00000000d6b62790,0x00000000d6b80000)
  to   space 2560K, 0% used [0x00000000d6b80000,0x00000000d6b80000,0x00000000d6e00000)
 ParOldGen       total 68608K, used 29744K [0x0000000080000000, 0x0000000084300000, 0x00000000d5580000)
  object space 68608K, 43% used [0x0000000080000000,0x0000000081d0c218,0x0000000084300000)
 Metaspace       used 34823K, committed 35840K, reserved 1114112K
  class space    used 3587K, committed 4032K, reserved 1048576K
}
Event: 14.496 GC heap after
{Heap after GC invocations=17 (full 2):
 PSYoungGen      total 21504K, used 0K [0x00000000d5580000, 0x00000000d6e00000, 0x0000000100000000)
  eden space 19456K, 0% used [0x00000000d5580000,0x00000000d5580000,0x00000000d6880000)
  from space 2048K, 0% used [0x00000000d6980000,0x00000000d6980000,0x00000000d6b80000)
  to   space 2560K, 0% used [0x00000000d6b80000,0x00000000d6b80000,0x00000000d6e00000)
 ParOldGen       total 68608K, used 28582K [0x0000000080000000, 0x0000000084300000, 0x00000000d5580000)
  object space 68608K, 41% used [0x0000000080000000,0x0000000081be99c8,0x0000000084300000)
 Metaspace       used 34657K, committed 35840K, reserved 1114112K
  class space    used 3540K, committed 4032K, reserved 1048576K
}
Event: 14.720 GC heap before
{Heap before GC invocations=18 (full 2):
 PSYoungGen      total 21504K, used 19456K [0x00000000d5580000, 0x00000000d6e00000, 0x0000000100000000)
  eden space 19456K, 100% used [0x00000000d5580000,0x00000000d6880000,0x00000000d6880000)
  from space 2048K, 0% used [0x00000000d6980000,0x00000000d6980000,0x00000000d6b80000)
  to   space 2560K, 0% used [0x00000000d6b80000,0x00000000d6b80000,0x00000000d6e00000)
 ParOldGen       total 68608K, used 28582K [0x0000000080000000, 0x0000000084300000, 0x00000000d5580000)
  object space 68608K, 41% used [0x0000000080000000,0x0000000081be99c8,0x0000000084300000)
 Metaspace       used 36675K, committed 37632K, reserved 1114112K
  class space    used 3748K, committed 4160K, reserved 1048576K
}
Event: 14.721 GC heap after
{Heap after GC invocations=18 (full 2):
 PSYoungGen      total 20480K, used 889K [0x00000000d5580000, 0x00000000d6c80000, 0x0000000100000000)
  eden space 19456K, 0% used [0x00000000d5580000,0x00000000d5580000,0x00000000d6880000)
  from space 1024K, 86% used [0x00000000d6b80000,0x00000000d6c5e4b0,0x00000000d6c80000)
  to   space 1536K, 0% used [0x00000000d6980000,0x00000000d6980000,0x00000000d6b00000)
 ParOldGen       total 68608K, used 28590K [0x0000000080000000, 0x0000000084300000, 0x00000000d5580000)
  object space 68608K, 41% used [0x0000000080000000,0x0000000081beb9c8,0x0000000084300000)
 Metaspace       used 36675K, committed 37632K, reserved 1114112K
  class space    used 3748K, committed 4160K, reserved 1048576K
}
Event: 15.026 GC heap before
{Heap before GC invocations=19 (full 2):
 PSYoungGen      total 20480K, used 20345K [0x00000000d5580000, 0x00000000d6c80000, 0x0000000100000000)
  eden space 19456K, 100% used [0x00000000d5580000,0x00000000d6880000,0x00000000d6880000)
  from space 1024K, 86% used [0x00000000d6b80000,0x00000000d6c5e4b0,0x00000000d6c80000)
  to   space 1536K, 0% used [0x00000000d6980000,0x00000000d6980000,0x00000000d6b00000)
 ParOldGen       total 68608K, used 28590K [0x0000000080000000, 0x0000000084300000, 0x00000000d5580000)
  object space 68608K, 41% used [0x0000000080000000,0x0000000081beb9c8,0x0000000084300000)
 Metaspace       used 38046K, committed 39040K, reserved 1114112K
  class space    used 3871K, committed 4288K, reserved 1048576K
}
Event: 15.027 GC heap after
{Heap after GC invocations=19 (full 2):
 PSYoungGen      total 20992K, used 640K [0x00000000d5580000, 0x00000000d6c00000, 0x0000000100000000)
  eden space 19456K, 0% used [0x00000000d5580000,0x00000000d5580000,0x00000000d6880000)
  from space 1536K, 41% used [0x00000000d6980000,0x00000000d6a20000,0x00000000d6b00000)
  to   space 1024K, 0% used [0x00000000d6b00000,0x00000000d6b00000,0x00000000d6c00000)
 ParOldGen       total 68608K, used 29260K [0x0000000080000000, 0x0000000084300000, 0x00000000d5580000)
  object space 68608K, 42% used [0x0000000080000000,0x0000000081c93110,0x0000000084300000)
 Metaspace       used 38046K, committed 39040K, reserved 1114112K
  class space    used 3871K, committed 4288K, reserved 1048576K
}
Event: 15.235 GC heap before
{Heap before GC invocations=20 (full 2):
 PSYoungGen      total 20992K, used 20096K [0x00000000d5580000, 0x00000000d6c00000, 0x0000000100000000)
  eden space 19456K, 100% used [0x00000000d5580000,0x00000000d6880000,0x00000000d6880000)
  from space 1536K, 41% used [0x00000000d6980000,0x00000000d6a20000,0x00000000d6b00000)
  to   space 1024K, 0% used [0x00000000d6b00000,0x00000000d6b00000,0x00000000d6c00000)
 ParOldGen       total 68608K, used 29260K [0x0000000080000000, 0x0000000084300000, 0x00000000d5580000)
  object space 68608K, 42% used [0x0000000080000000,0x0000000081c93110,0x0000000084300000)
 Metaspace       used 39242K, committed 40256K, reserved 1114112K
  class space    used 4008K, committed 4416K, reserved 1048576K
}
Event: 15.237 GC heap after
{Heap after GC invocations=20 (full 2):
 PSYoungGen      total 19968K, used 1015K [0x00000000d5580000, 0x00000000d6e80000, 0x0000000100000000)
  eden space 18944K, 0% used [0x00000000d5580000,0x00000000d5580000,0x00000000d6800000)
  from space 1024K, 99% used [0x00000000d6b00000,0x00000000d6bfdff0,0x00000000d6c00000)
  to   space 3072K, 0% used [0x00000000d6800000,0x00000000d6800000,0x00000000d6b00000)
 ParOldGen       total 68608K, used 30737K [0x0000000080000000, 0x0000000084300000, 0x00000000d5580000)
  object space 68608K, 44% used [0x0000000080000000,0x0000000081e04430,0x0000000084300000)
 Metaspace       used 39242K, committed 40256K, reserved 1114112K
  class space    used 4008K, committed 4416K, reserved 1048576K
}
Event: 16.310 GC heap before
{Heap before GC invocations=21 (full 2):
 PSYoungGen      total 19968K, used 19959K [0x00000000d5580000, 0x00000000d6e80000, 0x0000000100000000)
  eden space 18944K, 100% used [0x00000000d5580000,0x00000000d6800000,0x00000000d6800000)
  from space 1024K, 99% used [0x00000000d6b00000,0x00000000d6bfdff0,0x00000000d6c00000)
  to   space 3072K, 0% used [0x00000000d6800000,0x00000000d6800000,0x00000000d6b00000)
 ParOldGen       total 68608K, used 30737K [0x0000000080000000, 0x0000000084300000, 0x00000000d5580000)
  object space 68608K, 44% used [0x0000000080000000,0x0000000081e04430,0x0000000084300000)
 Metaspace       used 39316K, committed 40384K, reserved 1114112K
  class space    used 4016K, committed 4480K, reserved 1048576K
}
Event: 16.311 GC heap after
{Heap after GC invocations=21 (full 2):
 PSYoungGen      total 20480K, used 1110K [0x00000000d5580000, 0x00000000d6c00000, 0x0000000100000000)
  eden space 18944K, 0% used [0x00000000d5580000,0x00000000d5580000,0x00000000d6800000)
  from space 1536K, 72% used [0x00000000d6800000,0x00000000d69159d8,0x00000000d6980000)
  to   space 2048K, 0% used [0x00000000d6a00000,0x00000000d6a00000,0x00000000d6c00000)
 ParOldGen       total 68608K, used 31908K [0x0000000080000000, 0x0000000084300000, 0x00000000d5580000)
  object space 68608K, 46% used [0x0000000080000000,0x0000000081f290d0,0x0000000084300000)
 Metaspace       used 39316K, committed 40384K, reserved 1114112K
  class space    used 4016K, committed 4480K, reserved 1048576K
}
Event: 16.423 GC heap before
{Heap before GC invocations=22 (full 2):
 PSYoungGen      total 20480K, used 20054K [0x00000000d5580000, 0x00000000d6c00000, 0x0000000100000000)
  eden space 18944K, 100% used [0x00000000d5580000,0x00000000d6800000,0x00000000d6800000)
  from space 1536K, 72% used [0x00000000d6800000,0x00000000d69159d8,0x00000000d6980000)
  to   space 2048K, 0% used [0x00000000d6a00000,0x00000000d6a00000,0x00000000d6c00000)
 ParOldGen       total 68608K, used 31908K [0x0000000080000000, 0x0000000084300000, 0x00000000d5580000)
  object space 68608K, 46% used [0x0000000080000000,0x0000000081f290d0,0x0000000084300000)
 Metaspace       used 40489K, committed 41472K, reserved 1114112K
  class space    used 4120K, committed 4544K, reserved 1048576K
}
Event: 16.423 GC heap after
{Heap after GC invocations=22 (full 2):
 PSYoungGen      total 19456K, used 384K [0x00000000d5580000, 0x00000000d6a80000, 0x0000000100000000)
  eden space 18944K, 0% used [0x00000000d5580000,0x00000000d5580000,0x00000000d6800000)
  from space 512K, 75% used [0x00000000d6a00000,0x00000000d6a60000,0x00000000d6a80000)
  to   space 1024K, 0% used [0x00000000d6880000,0x00000000d6880000,0x00000000d6980000)
 ParOldGen       total 68608K, used 32308K [0x0000000080000000, 0x0000000084300000, 0x00000000d5580000)
  object space 68608K, 47% used [0x0000000080000000,0x0000000081f8d0f0,0x0000000084300000)
 Metaspace       used 40489K, committed 41472K, reserved 1114112K
  class space    used 4120K, committed 4544K, reserved 1048576K
}

