-------------------------------------------------------------------------------
Test set: playground.challenges.patterns.BridgePatternTest
-------------------------------------------------------------------------------
Tests run: 3, Failures: 3, Errors: 0, Skipped: 0, Time elapsed: 0.006 s <<< FAILURE! -- in playground.challenges.patterns.BridgePatternTest
playground.challenges.patterns.BridgePatternTest.testBridge_AdvancedMute -- Time elapsed: 0.001 s <<< FAILURE!
org.opentest4j.AssertionFailedError: expected: <0> but was: <30>
	at org.junit.jupiter.api.AssertionFailureBuilder.build(AssertionFailureBuilder.java:151)
	at org.junit.jupiter.api.AssertionFailureBuilder.buildAndThrow(AssertionFailureBuilder.java:132)
	at org.junit.jupiter.api.AssertEquals.failNotEqual(AssertEquals.java:197)
	at org.junit.jupiter.api.AssertEquals.assertEquals(AssertEquals.java:150)
	at org.junit.jupiter.api.AssertEquals.assertEquals(AssertEquals.java:145)
	at org.junit.jupiter.api.Assertions.assertEquals(Assertions.java:531)
	at playground.challenges.patterns.BridgePatternTest.testBridge_AdvancedMute(BridgePatternTest.java:39)
	at java.base/java.lang.reflect.Method.invoke(Method.java:580)
	at java.base/java.util.ArrayList.forEach(ArrayList.java:1596)
	at java.base/java.util.ArrayList.forEach(ArrayList.java:1596)

playground.challenges.patterns.BridgePatternTest.testBridge_RadioVolume -- Time elapsed: 0.001 s <<< FAILURE!
org.opentest4j.AssertionFailedError: expected: <20> but was: <10>
	at org.junit.jupiter.api.AssertionFailureBuilder.build(AssertionFailureBuilder.java:151)
	at org.junit.jupiter.api.AssertionFailureBuilder.buildAndThrow(AssertionFailureBuilder.java:132)
	at org.junit.jupiter.api.AssertEquals.failNotEqual(AssertEquals.java:197)
	at org.junit.jupiter.api.AssertEquals.assertEquals(AssertEquals.java:150)
	at org.junit.jupiter.api.AssertEquals.assertEquals(AssertEquals.java:145)
	at org.junit.jupiter.api.Assertions.assertEquals(Assertions.java:531)
	at playground.challenges.patterns.BridgePatternTest.testBridge_RadioVolume(BridgePatternTest.java:27)
	at java.base/java.lang.reflect.Method.invoke(Method.java:580)
	at java.base/java.util.ArrayList.forEach(ArrayList.java:1596)
	at java.base/java.util.ArrayList.forEach(ArrayList.java:1596)

playground.challenges.patterns.BridgePatternTest.testBridge_TvPower -- Time elapsed: 0.001 s <<< FAILURE!
org.opentest4j.AssertionFailedError: expected: <true> but was: <false>
	at org.junit.jupiter.api.AssertionFailureBuilder.build(AssertionFailureBuilder.java:151)
	at org.junit.jupiter.api.AssertionFailureBuilder.buildAndThrow(AssertionFailureBuilder.java:132)
	at org.junit.jupiter.api.AssertTrue.failNotTrue(AssertTrue.java:63)
	at org.junit.jupiter.api.AssertTrue.assertTrue(AssertTrue.java:36)
	at org.junit.jupiter.api.AssertTrue.assertTrue(AssertTrue.java:31)
	at org.junit.jupiter.api.Assertions.assertTrue(Assertions.java:183)
	at playground.challenges.patterns.BridgePatternTest.testBridge_TvPower(BridgePatternTest.java:15)
	at java.base/java.lang.reflect.Method.invoke(Method.java:580)
	at java.base/java.util.ArrayList.forEach(ArrayList.java:1596)
	at java.base/java.util.ArrayList.forEach(ArrayList.java:1596)

